03/11/2024 09:09:46 AM INFO: Number of layers is 1
03/11/2024 09:09:46 AM INFO: Check number of nodes = 4.0, Nearest power of 2 = 4
03/11/2024 09:09:46 AM INFO: rows 4, cols 4
03/11/2024 09:09:46 AM INFO: Read graph completed.
03/11/2024 09:09:46 AM INFO: Nodes / Number of layers = 16
03/11/2024 09:09:46 AM INFO: Row addressing - [0, 0, 1, 1, 0, 0, 1, 1, 2, 2, 3, 3, 2, 2, 3, 3]
03/11/2024 09:09:46 AM INFO: Column addressing - [0, 1, 0, 1, 2, 3, 2, 3, 0, 1, 0, 1, 2, 3, 2, 3]
03/11/2024 09:09:46 AM INFO: Height addressing - [0, 0, 0, 0, 0, 0, 0, 0, 0, 0, 0, 0, 0, 0, 0, 0]
03/11/2024 09:09:46 AM INFO: best cost=124.0
03/11/2024 09:09:46 AM INFO: best cost=16.0
03/11/2024 09:09:46 AM INFO: best cost=362.0
03/11/2024 09:09:46 AM INFO: best cost=907.0
03/11/2024 09:09:46 AM INFO: best cost=300.0
03/11/2024 09:09:46 AM INFO: best cost=70.0
03/11/2024 09:09:46 AM INFO: 0
03/11/2024 09:09:46 AM INFO: Rask = 8181.0
03/11/2024 09:09:46 AM INFO: 
 Cost : 8181.0
03/11/2024 09:09:46 AM INFO: 
 Cost : 8181.0
03/11/2024 09:09:46 AM INFO: 
 Cost : 8181.0
03/11/2024 09:09:46 AM INFO: Graph1.txt	no. of cores= 16
03/11/2024 09:09:46 AM INFO: Final Partition core: 
03/11/2024 09:09:46 AM INFO: [[11, 15, 12, 13, 3, 14, 4, 5, 6, 10, 7, 8, 0, 9, 2, 1]]
03/11/2024 09:09:46 AM INFO: BEST COST = 8181.0
03/11/2024 09:09:46 AM INFO: Cost in CC : 8181.0
03/11/2024 09:09:46 AM INFO: 

16	4	4

03/11/2024 09:09:46 AM INFO: Completed in 0.0009530000000000025
03/11/2024 09:09:46 AM INFO: FINISHED
03/11/2024 09:09:46 AM INFO: Finished the run 0
03/11/2024 09:09:46 AM INFO: best cost=124.0
03/11/2024 09:09:46 AM INFO: best cost=16.0
03/11/2024 09:09:46 AM INFO: best cost=362.0
03/11/2024 09:09:46 AM INFO: best cost=907.0
03/11/2024 09:09:46 AM INFO: best cost=300.0
03/11/2024 09:09:46 AM INFO: best cost=70.0
03/11/2024 09:09:46 AM INFO: 0
03/11/2024 09:09:46 AM INFO: Rask = 8181.0
03/11/2024 09:09:46 AM INFO: 
 Cost : 8181.0
03/11/2024 09:09:46 AM INFO: 
 Cost : 8181.0
03/11/2024 09:09:46 AM INFO: 
 Cost : 8181.0
03/11/2024 09:09:46 AM INFO: Graph1.txt	no. of cores= 16
03/11/2024 09:09:46 AM INFO: Final Partition core: 
03/11/2024 09:09:46 AM INFO: [[11, 15, 12, 13, 3, 14, 4, 5, 6, 10, 7, 8, 0, 9, 2, 1]]
03/11/2024 09:09:46 AM INFO: BEST COST = 8181.0
03/11/2024 09:09:46 AM INFO: Cost in CC : 8181.0
03/11/2024 09:09:46 AM INFO: 

16	4	4

03/11/2024 09:09:46 AM INFO: Completed in 0.0008910000000000029
03/11/2024 09:09:46 AM INFO: FINISHED
03/11/2024 09:09:46 AM INFO: Finished the run 1
03/11/2024 09:09:46 AM INFO: best cost=124.0
03/11/2024 09:09:46 AM INFO: best cost=16.0
03/11/2024 09:09:46 AM INFO: best cost=362.0
03/11/2024 09:09:46 AM INFO: best cost=907.0
03/11/2024 09:09:46 AM INFO: best cost=300.0
03/11/2024 09:09:46 AM INFO: best cost=70.0
03/11/2024 09:09:46 AM INFO: 0
03/11/2024 09:09:46 AM INFO: Rask = 8181.0
03/11/2024 09:09:46 AM INFO: 
 Cost : 8181.0
03/11/2024 09:09:46 AM INFO: 
 Cost : 8181.0
03/11/2024 09:09:46 AM INFO: 
 Cost : 8181.0
03/11/2024 09:09:46 AM INFO: Graph1.txt	no. of cores= 16
03/11/2024 09:09:46 AM INFO: Final Partition core: 
03/11/2024 09:09:46 AM INFO: [[11, 15, 12, 13, 3, 14, 4, 5, 6, 10, 7, 8, 0, 9, 2, 1]]
03/11/2024 09:09:46 AM INFO: BEST COST = 8181.0
03/11/2024 09:09:46 AM INFO: Cost in CC : 8181.0
03/11/2024 09:09:46 AM INFO: 

16	4	4

03/11/2024 09:09:46 AM INFO: Completed in 0.0009769999999999987
03/11/2024 09:09:46 AM INFO: FINISHED
03/11/2024 09:09:46 AM INFO: Finished the run 2
03/11/2024 09:09:46 AM INFO: best cost=124.0
03/11/2024 09:09:46 AM INFO: best cost=16.0
03/11/2024 09:09:46 AM INFO: best cost=362.0
03/11/2024 09:09:46 AM INFO: best cost=907.0
03/11/2024 09:09:46 AM INFO: best cost=300.0
03/11/2024 09:09:46 AM INFO: best cost=70.0
03/11/2024 09:09:46 AM INFO: 0
03/11/2024 09:09:46 AM INFO: Rask = 8181.0
03/11/2024 09:09:46 AM INFO: 
 Cost : 8181.0
03/11/2024 09:09:46 AM INFO: 
 Cost : 8181.0
03/11/2024 09:09:46 AM INFO: 
 Cost : 8181.0
03/11/2024 09:09:46 AM INFO: Graph1.txt	no. of cores= 16
03/11/2024 09:09:46 AM INFO: Final Partition core: 
03/11/2024 09:09:46 AM INFO: [[11, 15, 12, 13, 3, 14, 4, 5, 6, 10, 7, 8, 0, 9, 2, 1]]
03/11/2024 09:09:46 AM INFO: BEST COST = 8181.0
03/11/2024 09:09:46 AM INFO: Cost in CC : 8181.0
03/11/2024 09:09:46 AM INFO: 

16	4	4

03/11/2024 09:09:46 AM INFO: Completed in 0.0008930000000000049
03/11/2024 09:09:46 AM INFO: FINISHED
03/11/2024 09:09:46 AM INFO: Finished the run 3
03/11/2024 09:09:46 AM INFO: best cost=124.0
03/11/2024 09:09:46 AM INFO: best cost=16.0
03/11/2024 09:09:46 AM INFO: best cost=362.0
03/11/2024 09:09:46 AM INFO: best cost=907.0
03/11/2024 09:09:46 AM INFO: best cost=300.0
03/11/2024 09:09:46 AM INFO: best cost=70.0
03/11/2024 09:09:46 AM INFO: 0
03/11/2024 09:09:46 AM INFO: Rask = 8181.0
03/11/2024 09:09:46 AM INFO: 
 Cost : 8181.0
03/11/2024 09:09:46 AM INFO: 
 Cost : 8181.0
03/11/2024 09:09:46 AM INFO: 
 Cost : 8181.0
03/11/2024 09:09:46 AM INFO: Graph1.txt	no. of cores= 16
03/11/2024 09:09:46 AM INFO: Final Partition core: 
03/11/2024 09:09:46 AM INFO: [[11, 15, 12, 13, 3, 14, 4, 5, 6, 10, 7, 8, 0, 9, 2, 1]]
03/11/2024 09:09:46 AM INFO: BEST COST = 8181.0
03/11/2024 09:09:46 AM INFO: Cost in CC : 8181.0
03/11/2024 09:09:46 AM INFO: 

16	4	4

03/11/2024 09:09:46 AM INFO: Completed in 0.0008480000000000015
03/11/2024 09:09:46 AM INFO: FINISHED
03/11/2024 09:09:46 AM INFO: Finished the run 4
